Build started 8/13/2013 6:33:28 PM.
     1>Project "N:\AiCore\AiCore\AiCore.vcxproj" on node 2 (build target(s)).
     1>InitializeBuildStatus:
         Creating "Debug\AiCore.unsuccessfulbuild" because "AlwaysCreate" was specified.
       ClCompile:
         C:\Program Files (x86)\Microsoft Visual Studio 10.0\VC\bin\CL.exe /c /ZI /nologo /W3 /WX- /Od /Oy- /D WIN32 /D _DEBUG /D _CONSOLE /D _UNICODE /D UNICODE /Gm /EHsc /RTC1 /MDd /GS /fp:precise /Zc:wchar_t /Zc:forScope /Fo"Debug\\" /Fd"Debug\vc100.pdb" /Gd /TP /analyze- /errorReport:prompt ai_bot2D.cpp ai_bot2D_states.cpp AI_Core_Interface.cpp AI_Manager.cpp main.cpp
         main.cpp
         AI_Manager.cpp
         AI_Core_Interface.cpp
         ai_bot2D_states.cpp
         ai_bot2D.cpp
         Generating Code...
       Link:
         C:\Program Files (x86)\Microsoft Visual Studio 10.0\VC\bin\link.exe /ERRORREPORT:PROMPT /OUT:"N:\AiCore\Debug\AiCore.exe" /INCREMENTAL /NOLOGO kernel32.lib user32.lib gdi32.lib winspool.lib comdlg32.lib advapi32.lib shell32.lib ole32.lib oleaut32.lib uuid.lib odbc32.lib odbccp32.lib /MANIFEST:NO /DEBUG /PDB:"N:\AiCore\Debug\AiCore.pdb" /SUBSYSTEM:CONSOLE /TLBID:1 /DYNAMICBASE /NXCOMPAT /IMPLIB:"N:\AiCore\Debug\AiCore.lib" /MACHINE:X86 Debug\ai_bot2D.obj
         Debug\ai_bot2D_states.obj
         Debug\AI_Core_Interface.obj
         Debug\AI_Manager.obj
         Debug\main.obj
         LINK : N:\AiCore\Debug\AiCore.exe not found or not built by the last incremental link; performing full link
         AiCore.vcxproj -> N:\AiCore\Debug\AiCore.exe
       FinalizeBuildStatus:
         Deleting file "Debug\AiCore.unsuccessfulbuild".
         Touching "Debug\AiCore.lastbuildstate".
     1>Done Building Project "N:\AiCore\AiCore\AiCore.vcxproj" (build target(s)).

Build succeeded.

Time Elapsed 00:00:05.48
